
  .   ____          _            __ _ _
 /\\ / ___'_ __ _ _(_)_ __  __ _ \ \ \ \
( ( )\___ | '_ | '_| | '_ \/ _` | \ \ \ \
 \\/  ___)| |_)| | | | | || (_| |  ) ) ) )
  '  |____| .__|_| |_|_| |_\__, | / / / /
 =========|_|==============|___/=/_/_/_/
 :: Spring Boot ::               (v2.7.14)

2026-02-17 00:58:34.597  INFO 90860 --- [           main] com.trading.core.TradingCoreApplication  : Starting TradingCoreApplication using Java 17.0.18 on zhangleideMacBook-Air.local with PID 90860 (/Users/kerray/Desktop/交易clone/Trading-system/trading-core/target/trading-core-1.0.0-SNAPSHOT.jar started by kerray in /Users/kerray/Desktop/交易clone/Trading-system)
2026-02-17 00:58:34.601  INFO 90860 --- [           main] com.trading.core.TradingCoreApplication  : No active profile set, falling back to 1 default profile: "default"
2026-02-17 00:58:37.432  INFO 90860 --- [           main] o.s.b.w.embedded.tomcat.TomcatWebServer  : Tomcat initialized with port(s): 8081 (http)
2026-02-17 00:58:37.455  INFO 90860 --- [           main] o.apache.catalina.core.StandardService   : Starting service [Tomcat]
2026-02-17 00:58:37.455  INFO 90860 --- [           main] org.apache.catalina.core.StandardEngine  : Starting Servlet engine: [Apache Tomcat/9.0.78]
2026-02-17 00:58:37.598  INFO 90860 --- [           main] o.a.c.c.C.[Tomcat].[localhost].[/]       : Initializing Spring embedded WebApplicationContext
2026-02-17 00:58:37.598  INFO 90860 --- [           main] w.s.c.ServletWebServerApplicationContext : Root WebApplicationContext: initialization completed in 2890 ms
2026-02-17 00:58:40.623  INFO 90860 --- [           main] c.t.core.engine.ExchangeEngineHolder     : ExchangeCore started with symbolId=1, uid=1, default user balance initialized.
2026-02-17 00:58:40.797  INFO 90860 --- [eEventProcessor] c.t.core.service.TradeEventProcessor     : TradeEventProcessor thread started, waiting for events from resultQueue...
2026-02-17 00:58:40.797  INFO 90860 --- [           main] c.t.core.service.TradeEventProcessor     : TradeEventProcessor started
2026-02-17 00:58:41.427  INFO 90860 --- [           main] o.s.b.a.e.web.EndpointLinksResolver      : Exposing 1 endpoint(s) beneath base path '/actuator'
2026-02-17 00:58:41.603  INFO 90860 --- [           main] o.s.b.w.embedded.tomcat.TomcatWebServer  : Tomcat started on port(s): 8081 (http) with context path ''
2026-02-17 00:58:41.658  INFO 90860 --- [           main] com.trading.core.TradingCoreApplication  : Started TradingCoreApplication in 7.915 seconds (JVM running for 8.717)
2026-02-17 00:59:45.509  INFO 90860 --- [nio-8081-exec-5] o.a.c.c.C.[Tomcat].[localhost].[/]       : Initializing Spring DispatcherServlet 'dispatcherServlet'
2026-02-17 00:59:45.509  INFO 90860 --- [nio-8081-exec-5] o.s.web.servlet.DispatcherServlet        : Initializing Servlet 'dispatcherServlet'
2026-02-17 00:59:45.518  INFO 90860 --- [nio-8081-exec-5] o.s.web.servlet.DispatcherServlet        : Completed initialization in 9 ms
2026-02-17 00:59:45.976  INFO 90860 --- [nio-8081-exec-5] com.trading.core.service.OrderService    : requestId=315eba27 clOrderId=ORD17712611850001 placeOrder ack orderId=2
2026-02-17 01:00:13.111  INFO 90860 --- [eEventProcessor] c.t.core.service.TradeEventProcessor     : Trade event: orderId=3, matchedOrderId=2, size=100, activeCompleted=true, matchedCompleted=true
2026-02-17 01:00:13.112  INFO 90860 --- [eEventProcessor] c.t.core.service.TradeEventProcessor     : Processing maker order fill: makerClOrderId=ORD17712611850001, makerEngineOrderId=2, size=100, completed=true
2026-02-17 01:00:13.113  INFO 90860 --- [eEventProcessor] c.t.core.service.TradeEventProcessor     : Order fully filled: clOrderId=ORD17712611850001, engineOrderId=2, totalFilled=100
2026-02-17 01:00:13.138  INFO 90860 --- [nio-8081-exec-3] com.trading.core.service.OrderService    : Order immediately fully filled: clOrderId=ORD17712612130002, engineOrderId=3, filled=100, keeping mapping for TradeEventProcessor
2026-02-17 01:00:13.138  INFO 90860 --- [nio-8081-exec-3] com.trading.core.service.OrderService    : requestId=4decd7d6 clOrderId=ORD17712612130002 placeOrder ack orderId=3
2026-02-17 01:00:13.151  INFO 90860 --- [eEventProcessor] c.t.core.service.TradeEventProcessor     : Processing taker order fill: clOrderId=ORD17712612130002, engineOrderId=3, totalFilled=100, orderCompleted=true
2026-02-17 01:00:13.151  WARN 90860 --- [eEventProcessor] c.t.core.service.TradeEventProcessor     : OpenOrderRecord not found for clOrderId=ORD17712612130002, engineOrderId=3, but processing fill event anyway
2026-02-17 01:00:13.169  INFO 90860 --- [eEventProcessor] c.t.core.service.TradeEventProcessor     : Sent fill event without record: clOrderId=ORD17712612130002, engineOrderId=3, filledQty=100, fullyFilled=true
2026-02-17 04:22:39.449  INFO 90860 --- [nio-8081-exec-2] o.apache.coyote.http11.Http11Processor   : Error parsing HTTP request header
 Note: further occurrences of HTTP request parsing errors will be logged at DEBUG level.

java.lang.IllegalArgumentException: Invalid character found in method name [0x020xbb0x080x000x040x060x0bwup_version0x160x033.00x060x0dTYPE_COMPRESS0x160x0120x060x09encr_type0x160x07rsapost0x060x07bea_key0x160xacCWAgdrpDTEMQRzTUrtDJihYnUS3BllzFc8IXjFhI1pvAguVNYw6Xunx0jV/vQN0lNaPIE+GqeOkw+RlVAx5aZN4DLfdHGUT7NFmfb3NGJgyGWgbf7DCYQtvpXuY+qa7iNnV56pzeaT8ztyo8lyY19I+tFHrIXXoQOi6PqpqInlw=0x1d0x000x010x010xc00xa10x170xaeOw-0xac80xfbmd`J5,0x00[&1t0xe790xb60xe40xb7X0x0fu0x8a0x880x1cE0x810xe5w0xc4Pg0x000xf7#0xea0xc40x120x0ec0x0d0xb0"f0x810xd0T0x8c0xe40x890xab0x9d:0x1a0x0390xc10xc50xfdS|0xfax0xd60xa8$x%s;'0xe4|0x8d20xee0x98L0xc10x8f0xc5]0x050xe6;0x000xdd0xfd0x860xe8W0xa50xbd0xc60xb6l0xec0xe00xd6dt0x980xbbb0x820xe1s0xc80x8e0x060xc50xc8<0xed0x11z0xba0x910x8d0xde0xd00x17[0x050xf10xf30x130xb50x80&0xa10xc00xf70xcc0x130xe0G[0x0f0xfdl0x8a0xe50xf10xb70xe80xa7hM0x84;L0x920xbcg0x81}0xca0x1f0xa70xb20x82680x13>0xac0xc8=0x88W0x800xb00xec0x1b0xcc$D(0xdeo6+90xeceG0x0b0x820x8a0x87D0x87nXz!0x920x850x7fR0x15t0xce0x050x1edFE0x100xe30x040xd30xaa20xffw0xcc0xd90x1f|0x10D0x9f0x970xd70x850x1d0xaa0xb40xbf]:0xa1*0xc70xc1%0xbdk0xb6&0xee0x0a0xc01`0x190x070x0a0x150xd20xa30xae~a0xf3Q0xbd0xe60xa10x100xd7e0xff0x1e30x020xab0xfb0x1cA220x000x15a0x1a0xd80xc50x99a0xcds0x030xc40x1bJ0xcc0x8a0x970xfex0x990x190xa10x970xe50xec0xef?0x89AW0x9b0x050xee0xc90xc90xe9h ]. HTTP method names must be tokens
	at org.apache.coyote.http11.Http11InputBuffer.parseRequestLine(Http11InputBuffer.java:407) ~[tomcat-embed-core-9.0.78.jar!/:na]
	at org.apache.coyote.http11.Http11Processor.service(Http11Processor.java:263) ~[tomcat-embed-core-9.0.78.jar!/:na]
	at org.apache.coyote.AbstractProcessorLight.process(AbstractProcessorLight.java:63) ~[tomcat-embed-core-9.0.78.jar!/:na]
	at org.apache.coyote.AbstractProtocol$ConnectionHandler.process(AbstractProtocol.java:926) ~[tomcat-embed-core-9.0.78.jar!/:na]
	at org.apache.tomcat.util.net.NioEndpoint$SocketProcessor.doRun(NioEndpoint.java:1791) ~[tomcat-embed-core-9.0.78.jar!/:na]
	at org.apache.tomcat.util.net.SocketProcessorBase.run(SocketProcessorBase.java:52) ~[tomcat-embed-core-9.0.78.jar!/:na]
	at org.apache.tomcat.util.threads.ThreadPoolExecutor.runWorker(ThreadPoolExecutor.java:1191) ~[tomcat-embed-core-9.0.78.jar!/:na]
	at org.apache.tomcat.util.threads.ThreadPoolExecutor$Worker.run(ThreadPoolExecutor.java:659) ~[tomcat-embed-core-9.0.78.jar!/:na]
	at org.apache.tomcat.util.threads.TaskThread$WrappingRunnable.run(TaskThread.java:61) ~[tomcat-embed-core-9.0.78.jar!/:na]
	at java.base/java.lang.Thread.run(Thread.java:840) ~[na:na]

2026-02-17 04:22:39.449  INFO 90860 --- [nio-8081-exec-5] o.apache.coyote.http11.Http11Processor   : Error parsing HTTP request header
 Note: further occurrences of HTTP request parsing errors will be logged at DEBUG level.

java.lang.IllegalArgumentException: Invalid character found in method name [0x020xdb0x080x000x040x060x0bwup_version0x160x033.00x060x0dTYPE_COMPRESS0x160x0120x060x09encr_type0x160x07rsapost0x060x07bea_key0x160xacCWAgdrpDTEMQRzTUrtDJihYnUS3BllzFc8IXjFhI1pvAguVNYw6Xunx0jV/vQN0lNaPIE+GqeOkw+RlVAx5aZN4DLfdHGUT7NFmfb3NGJgyGWgbf7DCYQtvpXuY+qa7iNnV56pzeaT8ztyo8lyY19I+tFHrIXXoQOi6PqpqInlw=0x1d0x000x010x010xe00x17p0x030x040xbc0x1f0x070x0fB0x0f'0x9d0x8b0x85g0xfe0xb1@0xecg0x8b10xaa0x020xaa0xff0xad0xb4^p0xdaJ0x96d0x170xd90x1d0xf6e0xa80x87@J0xb70x060x9dw0x970x8c_G0xde<PD0xd7O0xdcZ0x830xf7'K0xbe;0xcb60x130x1cZ0x8cd0xfa0xeb0xf00x0c0x91Dw}"0x1c0x9b0xdb0xfe0xa2=0xf00xd3y0xe40x940xdd0xd5O>0x82)0xad0xdf60xed:m0xc6PP0xb7`0xb90xea,0xafL0xbd,0x7f0xc10x1cnd0xc2f0xf90xfd0x8f(0xb2B0xd0R0xb30x890x1fXc0xc8@0xaa0xcb0xbc0x05P0x130x0f0xb5#4N0xd10x8c70x1d0xe4@0xbfh0x93180xca0xb7"0xba0x0c0xb10x8ei0xa60x090xe10x0dhN70xf70xd50xbb^0xc90xe90xf4U<0x97j0xcc0x16)0xb50xbe0xf50xb4}0xd7-0xe1;0x880xd90x0a0xc30x140x990xf90x1e0xea0xfdKhl0xd1)0x93@0x890xe50xe90xda0x9btzY<#0x810xa60xd9S0x850xbf0x1d0x90~}8`0xd80x82P0xf80xb90x07?0xe80xf560xbb0xc60x000xab0xc30xaf0xbc0xc70x8d0x8dq0x84\g0x1d0xcd0xe40xf20x0c0x080xd50x910x140xb60xcb0xa80x8d0x8e0xa9M0x060x1c0xbd0xd10xfa0xb0Wp0x05X0xc6<xr0x9bL80xad50x030x970xcb0x01k&0xef0xe50xef0xe00x040x80|0x970x960xfe.0xd00xa4(0x0eG0x8e0x090xe90xe40xf6}2$0xf6f0x8ceB0xcf0xfdo_-N0xa70x8d0x1c0x99Q0xd290xe10x98"0xa80xf60xc8q0x04Z^0x8980x8a}0xb9,0xe99Ly0xbd$]0x870x08`0xc60xc0?0x19~0xda0xc3E0xb7&0xef0xbf0xdd0xae)0xf20x1720x040xbf0xd9L4;C0x81y0x94z0xc00xcb0xa30xa60x85n0x9e0xd50xc10xeb ]. HTTP method names must be tokens
	at org.apache.coyote.http11.Http11InputBuffer.parseRequestLine(Http11InputBuffer.java:407) ~[tomcat-embed-core-9.0.78.jar!/:na]
	at org.apache.coyote.http11.Http11Processor.service(Http11Processor.java:263) ~[tomcat-embed-core-9.0.78.jar!/:na]
	at org.apache.coyote.AbstractProcessorLight.process(AbstractProcessorLight.java:63) ~[tomcat-embed-core-9.0.78.jar!/:na]
	at org.apache.coyote.AbstractProtocol$ConnectionHandler.process(AbstractProtocol.java:926) ~[tomcat-embed-core-9.0.78.jar!/:na]
	at org.apache.tomcat.util.net.NioEndpoint$SocketProcessor.doRun(NioEndpoint.java:1791) ~[tomcat-embed-core-9.0.78.jar!/:na]
	at org.apache.tomcat.util.net.SocketProcessorBase.run(SocketProcessorBase.java:52) ~[tomcat-embed-core-9.0.78.jar!/:na]
	at org.apache.tomcat.util.threads.ThreadPoolExecutor.runWorker(ThreadPoolExecutor.java:1191) ~[tomcat-embed-core-9.0.78.jar!/:na]
	at org.apache.tomcat.util.threads.ThreadPoolExecutor$Worker.run(ThreadPoolExecutor.java:659) ~[tomcat-embed-core-9.0.78.jar!/:na]
	at org.apache.tomcat.util.threads.TaskThread$WrappingRunnable.run(TaskThread.java:61) ~[tomcat-embed-core-9.0.78.jar!/:na]
	at java.base/java.lang.Thread.run(Thread.java:840) ~[na:na]

2026-02-17 04:22:39.449  INFO 90860 --- [io-8081-exec-10] o.apache.coyote.http11.Http11Processor   : Error parsing HTTP request header
 Note: further occurrences of HTTP request parsing errors will be logged at DEBUG level.

java.lang.IllegalArgumentException: Invalid character found in method name [0x020xbb0x080x000x040x060x0bwup_version0x160x033.00x060x0dTYPE_COMPRESS0x160x0120x060x09encr_type0x160x07rsapost0x060x07bea_key0x160xacCWAgdrpDTEMQRzTUrtDJihYnUS3BllzFc8IXjFhI1pvAguVNYw6Xunx0jV/vQN0lNaPIE+GqeOkw+RlVAx5aZN4DLfdHGUT7NFmfb3NGJgyGWgbf7DCYQtvpXuY+qa7iNnV56pzeaT8ztyo8lyY19I+tFHrIXXoQOi6PqpqInlw=0x1d0x000x010x010xc00xa10x170xaeOw-0xac80xfbmd`J5,0x000xdd0x8e0xaax0x130xe6x30x95g0x960xa5EX0xa3q0xa50xaaHH0xe1RvT;0xf20x1f0xacZ0xb0N0x0c0xd5J`0xf90x0a0xf90x030x95oYnH$Um0xb372&0xaa0xff0xdf0xd10xef0xbd8e0xc60xcc0x8e0x9f0xf60xde0x190x020x86Cd0xf20xd5+_0x0fyq0&0xc9\0xa30xb7=80x0a0x8c0xd70xa60xbc0x1b;#FM0x80P0x820x1ed'5/o.o0xfd0x1f0x0c<0xfb0x91`0xb20xef0xdc0x88x0xb4o0xa3N0x110xdcp0xfcrDT'0xd90x060xcf0xb4U0x150xc8/0x960xd9;0xd20xf30xc0j:0x96r+0xa80x1f$0xc70x190xf40xa80x80a0xf40xd10xa6^q0xb30x96&0x130x860x1f0x8fu0xddbk0xae%z0xfc0xe4H;0xa40xf8"<0xb80xe2e0xb20x050xd30xce0xf30xa0N0x8f0xd8'0x12xn0xac0x170xfd0xb20xdak0xa60x920x1b'0xc40x09-0xfe0xbd0x1b0x92ng0xa70xe550xb30xef0xfc0x8e0xba0xb90x190x950xbe0xeem0xb80xef$0xce0xd81`0xa80x1e0x140xf0"g+g0x9eO>0xfcw0xee0xc9M0x160x93[0xd4X1@0xae0xa2(0xf4n0xc10x1eD0xde0x0f0x090x8cL30x040x970xa30xf60x010xd90xd40x1e0x880x9b_0x190x17#0xb8lH0x8f0xdf0xf1H0x890xbb0xf70xbd0xc1Y0xb10x1d0x920xf60xc20xc30xa800x150xb70x19=.0xb7U0x830xf10xe70xbc0x1e0xe00xfe;0x1d0xa5sd3i$0xbf0xc20x1c0x9f0xad0x850xb20xbe$0xdb0x180xc10x99M0x950x170x8aw0xf10x8a<HV0x12(0x0bj0xa00xc90x9e0xed0x160xf00x9c]0x010xe0WYj0xfe0xe00xe20xe70xda0xd7u0xd70xea_0x120xdd0xe40xba0x16s0xa30xfco0x110xe0x;e?w0xef0x900x9d0xcc0xef0xc40xb8,y]0xb0SV0x890x170x840xaeJ0x060xde0x070xc30xc20xd9Z0xda0xef0xc9F0xaa0xa80x0d0x0a...]. HTTP method names must be tokens
	at org.apache.coyote.http11.Http11InputBuffer.parseRequestLine(Http11InputBuffer.java:407) ~[tomcat-embed-core-9.0.78.jar!/:na]
	at org.apache.coyote.http11.Http11Processor.service(Http11Processor.java:263) ~[tomcat-embed-core-9.0.78.jar!/:na]
	at org.apache.coyote.AbstractProcessorLight.process(AbstractProcessorLight.java:63) ~[tomcat-embed-core-9.0.78.jar!/:na]
	at org.apache.coyote.AbstractProtocol$ConnectionHandler.process(AbstractProtocol.java:926) ~[tomcat-embed-core-9.0.78.jar!/:na]
	at org.apache.tomcat.util.net.NioEndpoint$SocketProcessor.doRun(NioEndpoint.java:1791) ~[tomcat-embed-core-9.0.78.jar!/:na]
	at org.apache.tomcat.util.net.SocketProcessorBase.run(SocketProcessorBase.java:52) ~[tomcat-embed-core-9.0.78.jar!/:na]
	at org.apache.tomcat.util.threads.ThreadPoolExecutor.runWorker(ThreadPoolExecutor.java:1191) ~[tomcat-embed-core-9.0.78.jar!/:na]
	at org.apache.tomcat.util.threads.ThreadPoolExecutor$Worker.run(ThreadPoolExecutor.java:659) ~[tomcat-embed-core-9.0.78.jar!/:na]
	at org.apache.tomcat.util.threads.TaskThread$WrappingRunnable.run(TaskThread.java:61) ~[tomcat-embed-core-9.0.78.jar!/:na]
	at java.base/java.lang.Thread.run(Thread.java:840) ~[na:na]

2026-02-17 04:22:39.449  INFO 90860 --- [nio-8081-exec-6] o.apache.coyote.http11.Http11Processor   : Error parsing HTTP request header
 Note: further occurrences of HTTP request parsing errors will be logged at DEBUG level.

java.lang.IllegalArgumentException: Invalid character found in method name [0x020xdb0x080x000x040x060x0bwup_version0x160x033.00x060x0dTYPE_COMPRESS0x160x0120x060x09encr_type0x160x07rsapost0x060x07bea_key0x160xacCWAgdrpDTEMQRzTUrtDJihYnUS3BllzFc8IXjFhI1pvAguVNYw6Xunx0jV/vQN0lNaPIE+GqeOkw+RlVAx5aZN4DLfdHGUT7NFmfb3NGJgyGWgbf7DCYQtvpXuY+qa7iNnV56pzeaT8ztyo8lyY19I+tFHrIXXoQOi6PqpqInlw=0x1d0x000x010x010xe00x17p0x030x040xbc0x1f0x070x0fB0x0f'0x9d0x8b0x85g0xfe0xa30xb40xba50x11+*R0x040x8f0x8a0x8c0x8bv0xacx^E0xe9'0xeb0xbd0xb10x1a0x8cY0x910xa00xbb0x1fxj0xfa0xc0FI0xa3!0xbe0xc80xfe0x19]/0x0d0x16-*L0xc80x80,X0xd4P0xec0x9a0xb48Ol0xd60x9e=0xae0xd2`0xeexh0xd20xeb0xeeS0xc30xcb0x0d0xcb0x8c0:0x9d0xc50xfb0xa20x1d0xcd0xf10x160xaf0xbf0xe50x910xff0x140xaf60x980x190xf50xc30x7fg)0x810xed00x00g0xd00xec0x16 ]. HTTP method names must be tokens
	at org.apache.coyote.http11.Http11InputBuffer.parseRequestLine(Http11InputBuffer.java:407) ~[tomcat-embed-core-9.0.78.jar!/:na]
	at org.apache.coyote.http11.Http11Processor.service(Http11Processor.java:263) ~[tomcat-embed-core-9.0.78.jar!/:na]
	at org.apache.coyote.AbstractProcessorLight.process(AbstractProcessorLight.java:63) ~[tomcat-embed-core-9.0.78.jar!/:na]
	at org.apache.coyote.AbstractProtocol$ConnectionHandler.process(AbstractProtocol.java:926) ~[tomcat-embed-core-9.0.78.jar!/:na]
	at org.apache.tomcat.util.net.NioEndpoint$SocketProcessor.doRun(NioEndpoint.java:1791) ~[tomcat-embed-core-9.0.78.jar!/:na]
	at org.apache.tomcat.util.net.SocketProcessorBase.run(SocketProcessorBase.java:52) ~[tomcat-embed-core-9.0.78.jar!/:na]
	at org.apache.tomcat.util.threads.ThreadPoolExecutor.runWorker(ThreadPoolExecutor.java:1191) ~[tomcat-embed-core-9.0.78.jar!/:na]
	at org.apache.tomcat.util.threads.ThreadPoolExecutor$Worker.run(ThreadPoolExecutor.java:659) ~[tomcat-embed-core-9.0.78.jar!/:na]
	at org.apache.tomcat.util.threads.TaskThread$WrappingRunnable.run(TaskThread.java:61) ~[tomcat-embed-core-9.0.78.jar!/:na]
	at java.base/java.lang.Thread.run(Thread.java:840) ~[na:na]

2026-02-18 13:32:00.101  INFO 90860 --- [nio-8081-exec-1] o.apache.coyote.http11.Http11Processor   : Error parsing HTTP request header
 Note: further occurrences of HTTP request parsing errors will be logged at DEBUG level.

java.lang.IllegalArgumentException: Invalid character found in method name [0x020xbb0x080x000x040x060x0bwup_version0x160x033.00x060x0dTYPE_COMPRESS0x160x0120x060x09encr_type0x160x07rsapost0x060x07bea_key0x160xacCWAgdrpDTEMQRzTUrtDJihYnUS3BllzFc8IXjFhI1pvAguVNYw6Xunx0jV/vQN0lNaPIE+GqeOkw+RlVAx5aZN4DLfdHGUT7NFmfb3NGJgyGWgbf7DCYQtvpXuY+qa7iNnV56pzeaT8ztyo8lyY19I+tFHrIXXoQOi6PqpqInlw=0x1d0x000x010x010xc00x0f0x9chd0x890xfd)p0x7f0x15Zo0xc70x850xb8o0x90Q0xd80xe9|0x9e0x7f0x030xe8Z0xf0Zi|0xb70xe50xc50xcb0xa3}0x1b0x9f0xac0xfa0x850xa10x03Cw ]. HTTP method names must be tokens
	at org.apache.coyote.http11.Http11InputBuffer.parseRequestLine(Http11InputBuffer.java:407) ~[tomcat-embed-core-9.0.78.jar!/:na]
	at org.apache.coyote.http11.Http11Processor.service(Http11Processor.java:263) ~[tomcat-embed-core-9.0.78.jar!/:na]
	at org.apache.coyote.AbstractProcessorLight.process(AbstractProcessorLight.java:63) ~[tomcat-embed-core-9.0.78.jar!/:na]
	at org.apache.coyote.AbstractProtocol$ConnectionHandler.process(AbstractProtocol.java:926) ~[tomcat-embed-core-9.0.78.jar!/:na]
	at org.apache.tomcat.util.net.NioEndpoint$SocketProcessor.doRun(NioEndpoint.java:1791) ~[tomcat-embed-core-9.0.78.jar!/:na]
	at org.apache.tomcat.util.net.SocketProcessorBase.run(SocketProcessorBase.java:52) ~[tomcat-embed-core-9.0.78.jar!/:na]
	at org.apache.tomcat.util.threads.ThreadPoolExecutor.runWorker(ThreadPoolExecutor.java:1191) ~[tomcat-embed-core-9.0.78.jar!/:na]
	at org.apache.tomcat.util.threads.ThreadPoolExecutor$Worker.run(ThreadPoolExecutor.java:659) ~[tomcat-embed-core-9.0.78.jar!/:na]
	at org.apache.tomcat.util.threads.TaskThread$WrappingRunnable.run(TaskThread.java:61) ~[tomcat-embed-core-9.0.78.jar!/:na]
	at java.base/java.lang.Thread.run(Thread.java:840) ~[na:na]

2026-02-18 13:32:00.101  INFO 90860 --- [nio-8081-exec-9] o.apache.coyote.http11.Http11Processor   : Error parsing HTTP request header
 Note: further occurrences of HTTP request parsing errors will be logged at DEBUG level.

java.lang.IllegalArgumentException: Invalid character found in method name [0x020xbb0x080x000x040x060x0bwup_version0x160x033.00x060x0dTYPE_COMPRESS0x160x0120x060x09encr_type0x160x07rsapost0x060x07bea_key0x160xacCWAgdrpDTEMQRzTUrtDJihYnUS3BllzFc8IXjFhI1pvAguVNYw6Xunx0jV/vQN0lNaPIE+GqeOkw+RlVAx5aZN4DLfdHGUT7NFmfb3NGJgyGWgbf7DCYQtvpXuY+qa7iNnV56pzeaT8ztyo8lyY19I+tFHrIXXoQOi6PqpqInlw=0x1d0x000x010x010xc00x00Z0xd50x190xb0gv0xb4d0xd2r0xf30x82P0xaf0xfa0x8cU^0x190x020xf3p0x980xfag0x810x1d0x870x9b0xcd0x8e0xed0x11u[H0xf70xef0x120x99}Ic0xcf0xb0=_0xab0x1b0xdb=0xf90xb1/Oy0x920xf40q0xff~*]=ZF0xf80x0e0x9fC0xc50xca0+C}40xe60xd50xa30xc6E0x0fFS0x980xbad0xf5U`0x110xd3L0x140x96!0x9d0xfcR0x1e0x19qH0x9cw!0x990x960xb3T0xb00x990xf1VP0x99~~0x9c0xf2W0xfbT0xa20x06$0xff0xf40x1f0x99i0x13h0x08:0x1b,0x930xd1O0x0a0x080xb7niTb0x8ay0x020xd00x18tw0xb5+0x190xa7]0xe20xe90xd50xae+50xe0A0xb90x82F0x090x1b0x180xc00x9b0x0250x9f0xe70xfc0xd40x950x090x85Lu0xbe0xca0x980x070xb3r0xa0~0x0e+G0xe00xb9e0xf00x89j0xbd0x8a0xdb>-+0xa30xb80xde^0xf20xa7N@ke0xbe50xd9H0x1e0x110x8b0x120x8a0xed)0x9e(V00x070x9700xb60xb10x100xf60xf40xb9w~0xae0x8b0x0bH0xfeb0x1c0x0e0x1b*[0x00b0xc70xc7:0x800xb8g0x13#0xf50x000xb60xc20xe30xdc:0x090x190xaf0x07:0xd9s0xc10xd0x0x90 ]. HTTP method names must be tokens
	at org.apache.coyote.http11.Http11InputBuffer.parseRequestLine(Http11InputBuffer.java:407) ~[tomcat-embed-core-9.0.78.jar!/:na]
	at org.apache.coyote.http11.Http11Processor.service(Http11Processor.java:263) ~[tomcat-embed-core-9.0.78.jar!/:na]
	at org.apache.coyote.AbstractProcessorLight.process(AbstractProcessorLight.java:63) ~[tomcat-embed-core-9.0.78.jar!/:na]
	at org.apache.coyote.AbstractProtocol$ConnectionHandler.process(AbstractProtocol.java:926) ~[tomcat-embed-core-9.0.78.jar!/:na]
	at org.apache.tomcat.util.net.NioEndpoint$SocketProcessor.doRun(NioEndpoint.java:1791) ~[tomcat-embed-core-9.0.78.jar!/:na]
	at org.apache.tomcat.util.net.SocketProcessorBase.run(SocketProcessorBase.java:52) ~[tomcat-embed-core-9.0.78.jar!/:na]
	at org.apache.tomcat.util.threads.ThreadPoolExecutor.runWorker(ThreadPoolExecutor.java:1191) ~[tomcat-embed-core-9.0.78.jar!/:na]
	at org.apache.tomcat.util.threads.ThreadPoolExecutor$Worker.run(ThreadPoolExecutor.java:659) ~[tomcat-embed-core-9.0.78.jar!/:na]
	at org.apache.tomcat.util.threads.TaskThread$WrappingRunnable.run(TaskThread.java:61) ~[tomcat-embed-core-9.0.78.jar!/:na]
	at java.base/java.lang.Thread.run(Thread.java:840) ~[na:na]

2026-02-18 13:32:00.101  INFO 90860 --- [nio-8081-exec-8] o.apache.coyote.http11.Http11Processor   : Error parsing HTTP request header
 Note: further occurrences of HTTP request parsing errors will be logged at DEBUG level.

java.lang.IllegalArgumentException: Invalid character found in method name [0x020xbb0x080x000x040x060x0bwup_version0x160x033.00x060x0dTYPE_COMPRESS0x160x0120x060x09encr_type0x160x07rsapost0x060x07bea_key0x160xacCWAgdrpDTEMQRzTUrtDJihYnUS3BllzFc8IXjFhI1pvAguVNYw6Xunx0jV/vQN0lNaPIE+GqeOkw+RlVAx5aZN4DLfdHGUT7NFmfb3NGJgyGWgbf7DCYQtvpXuY+qa7iNnV56pzeaT8ztyo8lyY19I+tFHrIXXoQOi6PqpqInlw=0x1d0x000x010x010xc00xc20x86K*0x820x1bt0x8c0xbaQ0xd4E0xcf,0x080xeey0xfd0x88Bf$0x810xcc=0xe40x960xfd0x1fS"XA|g0x810xa10x160x1d0xd9v0xb9{0xed0xca0xef0xb5@L0xd30x8f0x86)0x819#0xe90xcaC}40x0f0xdc_0x84?.@0x17P0xde*p!p@0xe8#0xd150xfe0xbe0x960xd7Ki0xa40x030xb8!0xb40xeeh~EU0x04_0xd80x0a0x0aHEx0x800xd5u0x9d0xee]l0xff0xc70xe33k0xa20x93Wk0xf10x810xc00x7f[0xfa0x8d0xfbT0xb80x0c'0xe90x1b0x940x0c0x0d0xf00x860xab0xa9i-_+&0xd4HY0x81y0xd5Wz0xdc0x010x1e0x120x1f}0x920xc30x9d0xf00xbb0xe6D#0xdf]K0xd20xae-0xc70xb6Js0xef0xb7U0x17$0x920xd5_0xed0xcd0x1d0x930x070xa40xb9F0xe9-,0x940x1aJ0x040xf60xc0F0x0fXsm0xeb$40xf2]NM0x860x9f0x1aJ0x800xbd0xf30x0d0xb80xc50x1c0x0cr0x000x9e00x9dO0xad0xdc0xb20xef0xa60xb50xd70xc46$+0xf60x0e0xfc0xe00xc10xed0xb0 ]. HTTP method names must be tokens
	at org.apache.coyote.http11.Http11InputBuffer.parseRequestLine(Http11InputBuffer.java:407) ~[tomcat-embed-core-9.0.78.jar!/:na]
	at org.apache.coyote.http11.Http11Processor.service(Http11Processor.java:263) ~[tomcat-embed-core-9.0.78.jar!/:na]
	at org.apache.coyote.AbstractProcessorLight.process(AbstractProcessorLight.java:63) ~[tomcat-embed-core-9.0.78.jar!/:na]
	at org.apache.coyote.AbstractProtocol$ConnectionHandler.process(AbstractProtocol.java:926) ~[tomcat-embed-core-9.0.78.jar!/:na]
	at org.apache.tomcat.util.net.NioEndpoint$SocketProcessor.doRun(NioEndpoint.java:1791) ~[tomcat-embed-core-9.0.78.jar!/:na]
	at org.apache.tomcat.util.net.SocketProcessorBase.run(SocketProcessorBase.java:52) ~[tomcat-embed-core-9.0.78.jar!/:na]
	at org.apache.tomcat.util.threads.ThreadPoolExecutor.runWorker(ThreadPoolExecutor.java:1191) ~[tomcat-embed-core-9.0.78.jar!/:na]
	at org.apache.tomcat.util.threads.ThreadPoolExecutor$Worker.run(ThreadPoolExecutor.java:659) ~[tomcat-embed-core-9.0.78.jar!/:na]
	at org.apache.tomcat.util.threads.TaskThread$WrappingRunnable.run(TaskThread.java:61) ~[tomcat-embed-core-9.0.78.jar!/:na]
	at java.base/java.lang.Thread.run(Thread.java:840) ~[na:na]

2026-02-19 00:41:59.594  INFO 90860 --- [nio-8081-exec-5] o.apache.coyote.http11.Http11Processor   : Error parsing HTTP request header
 Note: further occurrences of HTTP request parsing errors will be logged at DEBUG level.

java.lang.IllegalArgumentException: Invalid character found in method name [0x020xcb0x080x000x040x060x0bwup_version0x160x033.00x060x0dTYPE_COMPRESS0x160x0120x060x09encr_type0x160x07rsapost0x060x07bea_key0x160xacCWAgdrpDTEMQRzTUrtDJihYnUS3BllzFc8IXjFhI1pvAguVNYw6Xunx0jV/vQN0lNaPIE+GqeOkw+RlVAx5aZN4DLfdHGUT7NFmfb3NGJgyGWgbf7DCYQtvpXuY+qa7iNnV56pzeaT8ztyo8lyY19I+tFHrIXXoQOi6PqpqInlw=0x1d0x000x010x010xd00xc30xf3A!0xe4:0xa0%6F0xbb0x84k0x1d0xf50x140xbbx`0xd00x1b0xd8YkS0x16(0x9eglPl0x160xdfm0xf0 ]. HTTP method names must be tokens
	at org.apache.coyote.http11.Http11InputBuffer.parseRequestLine(Http11InputBuffer.java:407) ~[tomcat-embed-core-9.0.78.jar!/:na]
	at org.apache.coyote.http11.Http11Processor.service(Http11Processor.java:263) ~[tomcat-embed-core-9.0.78.jar!/:na]
	at org.apache.coyote.AbstractProcessorLight.process(AbstractProcessorLight.java:63) ~[tomcat-embed-core-9.0.78.jar!/:na]
	at org.apache.coyote.AbstractProtocol$ConnectionHandler.process(AbstractProtocol.java:926) ~[tomcat-embed-core-9.0.78.jar!/:na]
	at org.apache.tomcat.util.net.NioEndpoint$SocketProcessor.doRun(NioEndpoint.java:1791) ~[tomcat-embed-core-9.0.78.jar!/:na]
	at org.apache.tomcat.util.net.SocketProcessorBase.run(SocketProcessorBase.java:52) ~[tomcat-embed-core-9.0.78.jar!/:na]
	at org.apache.tomcat.util.threads.ThreadPoolExecutor.runWorker(ThreadPoolExecutor.java:1191) ~[tomcat-embed-core-9.0.78.jar!/:na]
	at org.apache.tomcat.util.threads.ThreadPoolExecutor$Worker.run(ThreadPoolExecutor.java:659) ~[tomcat-embed-core-9.0.78.jar!/:na]
	at org.apache.tomcat.util.threads.TaskThread$WrappingRunnable.run(TaskThread.java:61) ~[tomcat-embed-core-9.0.78.jar!/:na]
	at java.base/java.lang.Thread.run(Thread.java:840) ~[na:na]

2026-02-19 13:34:47.283  INFO 90860 --- [io-8081-exec-10] o.apache.coyote.http11.Http11Processor   : Error parsing HTTP request header
 Note: further occurrences of HTTP request parsing errors will be logged at DEBUG level.

java.lang.IllegalArgumentException: Invalid character found in method name [0x020xbb0x080x000x040x060x0bwup_version0x160x033.00x060x0dTYPE_COMPRESS0x160x0120x060x09encr_type0x160x07rsapost0x060x07bea_key0x160xacCWAgdrpDTEMQRzTUrtDJihYnUS3BllzFc8IXjFhI1pvAguVNYw6Xunx0jV/vQN0lNaPIE+GqeOkw+RlVAx5aZN4DLfdHGUT7NFmfb3NGJgyGWgbf7DCYQtvpXuY+qa7iNnV56pzeaT8ztyo8lyY19I+tFHrIXXoQOi6PqpqInlw=0x1d0x000x010x010xc0h20xe3H{0xa8k0xfd0xf20x10W0x070x85HV0xaa(0xd70x950x1b0xe1'0x910x030x970x030xfdI0xa6p0xb1\0xc10x04h0x990x8d0xa20x930x1a0xd70x8e0xaf0xd90xcd+7<#0xd30xab/L_R|~0x170x870x8b0xa7I0x0b0xf70x8f0xc10x830xfcj0xc70xbd*0x1b0xac0xabS0xd40xc5L0x94w60xdah0xf40xd50x12N`0xd40x88W.0x980x8f0xe70xa90x880xba'0x89m0xe70x8fjf0xbe+W0x87t0xb40xaeB0xfd0xe30xd60x175\m0xacYpv0x8e0xf300x180x890xf8[0x060xd7<0x080xf40xb1P>0xf50xa20xb10x02J0xd90xfd0x090x070x13[J$)R0xe50xe70x170x9c0x08ou50xfbH0xe50xcc0xa90x8ec0x830x800x15E0x8bX@0xf50x7foTq/?0x8c0x880x1a0xc8N0x830xf60xdf0xa2k10xd6 ]. HTTP method names must be tokens
	at org.apache.coyote.http11.Http11InputBuffer.parseRequestLine(Http11InputBuffer.java:407) ~[tomcat-embed-core-9.0.78.jar!/:na]
	at org.apache.coyote.http11.Http11Processor.service(Http11Processor.java:263) ~[tomcat-embed-core-9.0.78.jar!/:na]
	at org.apache.coyote.AbstractProcessorLight.process(AbstractProcessorLight.java:63) ~[tomcat-embed-core-9.0.78.jar!/:na]
	at org.apache.coyote.AbstractProtocol$ConnectionHandler.process(AbstractProtocol.java:926) ~[tomcat-embed-core-9.0.78.jar!/:na]
	at org.apache.tomcat.util.net.NioEndpoint$SocketProcessor.doRun(NioEndpoint.java:1791) ~[tomcat-embed-core-9.0.78.jar!/:na]
	at org.apache.tomcat.util.net.SocketProcessorBase.run(SocketProcessorBase.java:52) ~[tomcat-embed-core-9.0.78.jar!/:na]
	at org.apache.tomcat.util.threads.ThreadPoolExecutor.runWorker(ThreadPoolExecutor.java:1191) ~[tomcat-embed-core-9.0.78.jar!/:na]
	at org.apache.tomcat.util.threads.ThreadPoolExecutor$Worker.run(ThreadPoolExecutor.java:659) ~[tomcat-embed-core-9.0.78.jar!/:na]
	at org.apache.tomcat.util.threads.TaskThread$WrappingRunnable.run(TaskThread.java:61) ~[tomcat-embed-core-9.0.78.jar!/:na]
	at java.base/java.lang.Thread.run(Thread.java:840) ~[na:na]

2026-02-19 13:34:47.283  INFO 90860 --- [nio-8081-exec-5] o.apache.coyote.http11.Http11Processor   : Error parsing HTTP request header
 Note: further occurrences of HTTP request parsing errors will be logged at DEBUG level.

java.lang.IllegalArgumentException: Invalid character found in method name [0x020xcb0x080x000x040x060x0bwup_version0x160x033.00x060x0dTYPE_COMPRESS0x160x0120x060x09encr_type0x160x07rsapost0x060x07bea_key0x160xacCWAgdrpDTEMQRzTUrtDJihYnUS3BllzFc8IXjFhI1pvAguVNYw6Xunx0jV/vQN0lNaPIE+GqeOkw+RlVAx5aZN4DLfdHGUT7NFmfb3NGJgyGWgbf7DCYQtvpXuY+qa7iNnV56pzeaT8ztyo8lyY19I+tFHrIXXoQOi6PqpqInlw=0x1d0x000x010x010xd00x00Z0xd50x190xb0gv0xb4d0xd2r0xf30x82P0xaf0xfa0xaa50xef0xefv0x0aR0xf90x97I0x010x0b0x170x080xf70xf40xd30xc80x830xdc0x9c&0xb20x1f0xe3s0x800x83p0xd9gG0x9d0xfb0x85SY0xca0xa16q0x07z~0xbc0xb0l0xca0x1c0xac0xf40xb90xc80xe40xbc0xcd0x070x060xfc0xbcw0xb40xd70xd50xa8U0xc30xa30x9e0xd00x88I0xee0xa8:0xd30xfe0xf10x970xd10x060xc30x060xbd0x0ek.u0xb60xc0%0xf0 ]. HTTP method names must be tokens
	at org.apache.coyote.http11.Http11InputBuffer.parseRequestLine(Http11InputBuffer.java:407) ~[tomcat-embed-core-9.0.78.jar!/:na]
	at org.apache.coyote.http11.Http11Processor.service(Http11Processor.java:263) ~[tomcat-embed-core-9.0.78.jar!/:na]
	at org.apache.coyote.AbstractProcessorLight.process(AbstractProcessorLight.java:63) ~[tomcat-embed-core-9.0.78.jar!/:na]
	at org.apache.coyote.AbstractProtocol$ConnectionHandler.process(AbstractProtocol.java:926) ~[tomcat-embed-core-9.0.78.jar!/:na]
	at org.apache.tomcat.util.net.NioEndpoint$SocketProcessor.doRun(NioEndpoint.java:1791) ~[tomcat-embed-core-9.0.78.jar!/:na]
	at org.apache.tomcat.util.net.SocketProcessorBase.run(SocketProcessorBase.java:52) ~[tomcat-embed-core-9.0.78.jar!/:na]
	at org.apache.tomcat.util.threads.ThreadPoolExecutor.runWorker(ThreadPoolExecutor.java:1191) ~[tomcat-embed-core-9.0.78.jar!/:na]
	at org.apache.tomcat.util.threads.ThreadPoolExecutor$Worker.run(ThreadPoolExecutor.java:659) ~[tomcat-embed-core-9.0.78.jar!/:na]
	at org.apache.tomcat.util.threads.TaskThread$WrappingRunnable.run(TaskThread.java:61) ~[tomcat-embed-core-9.0.78.jar!/:na]
	at java.base/java.lang.Thread.run(Thread.java:840) ~[na:na]

2026-02-23 11:42:57.434  INFO 90860 --- [io-8081-exec-10] o.apache.coyote.http11.Http11Processor   : Error parsing HTTP request header
 Note: further occurrences of HTTP request parsing errors will be logged at DEBUG level.

java.lang.IllegalArgumentException: Invalid character found in method name [0x020xbb0x080x000x040x060x0bwup_version0x160x033.00x060x0dTYPE_COMPRESS0x160x0120x060x09encr_type0x160x07rsapost0x060x07bea_key0x160xacCWAgdrpDTEMQRzTUrtDJihYnUS3BllzFc8IXjFhI1pvAguVNYw6Xunx0jV/vQN0lNaPIE+GqeOkw+RlVAx5aZN4DLfdHGUT7NFmfb3NGJgyGWgbf7DCYQtvpXuY+qa7iNnV56pzeaT8ztyo8lyY19I+tFHrIXXoQOi6PqpqInlw=0x1d0x000x010x010xc0e:0x91a<0x930x04q0x8c$0xdf8lf0x96o0xad0x110x930xc00xfc0xaca`0x970x930x01v0xf3s0x0b0xb0"0x060xf5Y0xd60xcb0xd60x8a0xa0:0x1f0x9a@m0x8c0x19U0x850xedc&0xe10xb30xad0xb8R,n0xdc~t0xb30x93b0x8b0xe30x950xbb0x820xcfk0x9c0xa4$0xf40x1a0xf1R0xaa0x8480x0a=QoJ0x1f0x8c0xcb0x84=90xa5R0x1c0x8d0xa1D0x13&II0xa00xac0x1c0xeaZ0x00Z0xadtl0xa4*0x920xed0x953b0xe60xa80xd3|0x000x080xb7}~0xdd20xc430xb70xe10x9ag:]0x100x180x86M;0xb6V0xf70xf20x930xf0b0x850xb60x180xd40x8e*0x140x020x910x9f0x0e ]. HTTP method names must be tokens
	at org.apache.coyote.http11.Http11InputBuffer.parseRequestLine(Http11InputBuffer.java:407) ~[tomcat-embed-core-9.0.78.jar!/:na]
	at org.apache.coyote.http11.Http11Processor.service(Http11Processor.java:263) ~[tomcat-embed-core-9.0.78.jar!/:na]
	at org.apache.coyote.AbstractProcessorLight.process(AbstractProcessorLight.java:63) ~[tomcat-embed-core-9.0.78.jar!/:na]
	at org.apache.coyote.AbstractProtocol$ConnectionHandler.process(AbstractProtocol.java:926) ~[tomcat-embed-core-9.0.78.jar!/:na]
	at org.apache.tomcat.util.net.NioEndpoint$SocketProcessor.doRun(NioEndpoint.java:1791) ~[tomcat-embed-core-9.0.78.jar!/:na]
	at org.apache.tomcat.util.net.SocketProcessorBase.run(SocketProcessorBase.java:52) ~[tomcat-embed-core-9.0.78.jar!/:na]
	at org.apache.tomcat.util.threads.ThreadPoolExecutor.runWorker(ThreadPoolExecutor.java:1191) ~[tomcat-embed-core-9.0.78.jar!/:na]
	at org.apache.tomcat.util.threads.ThreadPoolExecutor$Worker.run(ThreadPoolExecutor.java:659) ~[tomcat-embed-core-9.0.78.jar!/:na]
	at org.apache.tomcat.util.threads.TaskThread$WrappingRunnable.run(TaskThread.java:61) ~[tomcat-embed-core-9.0.78.jar!/:na]
	at java.base/java.lang.Thread.run(Thread.java:840) ~[na:na]

